Traceback (most recent call last):
  File "/opt/hostedtoolcache/Python/3.8.10/x64/lib/python3.8/site-packages/jupyter_cache/executors/utils.py", line 51, in single_nb_execution
    executenb(
  File "/opt/hostedtoolcache/Python/3.8.10/x64/lib/python3.8/site-packages/nbclient/client.py", line 1112, in execute
    return NotebookClient(nb=nb, resources=resources, km=km, **kwargs).execute()
  File "/opt/hostedtoolcache/Python/3.8.10/x64/lib/python3.8/site-packages/nbclient/util.py", line 74, in wrapped
    return just_run(coro(*args, **kwargs))
  File "/opt/hostedtoolcache/Python/3.8.10/x64/lib/python3.8/site-packages/nbclient/util.py", line 53, in just_run
    return loop.run_until_complete(coro)
  File "/opt/hostedtoolcache/Python/3.8.10/x64/lib/python3.8/asyncio/base_events.py", line 616, in run_until_complete
    return future.result()
  File "/opt/hostedtoolcache/Python/3.8.10/x64/lib/python3.8/site-packages/nbclient/client.py", line 553, in async_execute
    await self.async_execute_cell(
  File "/opt/hostedtoolcache/Python/3.8.10/x64/lib/python3.8/site-packages/nbclient/client.py", line 857, in async_execute_cell
    self._check_raise_for_error(cell, exec_reply)
  File "/opt/hostedtoolcache/Python/3.8.10/x64/lib/python3.8/site-packages/nbclient/client.py", line 760, in _check_raise_for_error
    raise CellExecutionError.from_cell_and_msg(cell, exec_reply_content)
nbclient.exceptions.CellExecutionError: An error occurred while executing the following cell:
------------------
skdemo.imshow_all(image, morphology.erosion(image, sq), shape=(1, 2))
------------------

[0;31m---------------------------------------------------------------------------[0m
[0;31mAttributeError[0m                            Traceback (most recent call last)
[0;32m<ipython-input-5-7101991a2e67>[0m in [0;36m<module>[0;34m[0m
[0;32m----> 1[0;31m [0mskdemo[0m[0;34m.[0m[0mimshow_all[0m[0;34m([0m[0mimage[0m[0;34m,[0m [0mmorphology[0m[0;34m.[0m[0merosion[0m[0;34m([0m[0mimage[0m[0;34m,[0m [0msq[0m[0;34m)[0m[0;34m,[0m [0mshape[0m[0;34m=[0m[0;34m([0m[0;36m1[0m[0;34m,[0m [0;36m2[0m[0;34m)[0m[0;34m)[0m[0;34m[0m[0;34m[0m[0m
[0m
[0;32m~/work/skimage-tutorials/skimage-tutorials/lectures/skdemo/_skdemo.py[0m in [0;36mimshow_all[0;34m(*images, **kwargs)[0m
[1;32m     83[0m     [0mfig[0m[0;34m,[0m [0maxes[0m [0;34m=[0m [0mplt[0m[0;34m.[0m[0msubplots[0m[0;34m([0m[0mnrows[0m[0;34m=[0m[0mnrows[0m[0;34m,[0m [0mncols[0m[0;34m=[0m[0mncols[0m[0;34m,[0m [0mfigsize[0m[0;34m=[0m[0;34m([0m[0mwidth[0m[0;34m,[0m [0msize[0m[0;34m)[0m[0;34m)[0m[0;34m[0m[0;34m[0m[0m
[1;32m     84[0m     [0;32mfor[0m [0max[0m[0;34m,[0m [0mimg[0m[0;34m,[0m [0mlabel[0m [0;32min[0m [0mzip[0m[0;34m([0m[0maxes[0m[0;34m.[0m[0mravel[0m[0;34m([0m[0;34m)[0m[0;34m,[0m [0mimages[0m[0;34m,[0m [0mtitles[0m[0;34m)[0m[0;34m:[0m[0;34m[0m[0;34m[0m[0m
[0;32m---> 85[0;31m         [0max[0m[0;34m.[0m[0mimshow[0m[0;34m([0m[0mimg[0m[0;34m,[0m [0;34m**[0m[0mkwargs[0m[0;34m)[0m[0;34m[0m[0;34m[0m[0m
[0m[1;32m     86[0m         [0max[0m[0;34m.[0m[0mset_title[0m[0;34m([0m[0mlabel[0m[0;34m)[0m[0;34m[0m[0;34m[0m[0m
[1;32m     87[0m [0;34m[0m[0m

[0;32m/opt/hostedtoolcache/Python/3.8.10/x64/lib/python3.8/site-packages/matplotlib/__init__.py[0m in [0;36minner[0;34m(ax, data, *args, **kwargs)[0m
[1;32m   1359[0m     [0;32mdef[0m [0minner[0m[0;34m([0m[0max[0m[0;34m,[0m [0;34m*[0m[0margs[0m[0;34m,[0m [0mdata[0m[0;34m=[0m[0;32mNone[0m[0;34m,[0m [0;34m**[0m[0mkwargs[0m[0;34m)[0m[0;34m:[0m[0;34m[0m[0;34m[0m[0m
[1;32m   1360[0m         [0;32mif[0m [0mdata[0m [0;32mis[0m [0;32mNone[0m[0;34m:[0m[0;34m[0m[0;34m[0m[0m
[0;32m-> 1361[0;31m             [0;32mreturn[0m [0mfunc[0m[0;34m([0m[0max[0m[0;34m,[0m [0;34m*[0m[0mmap[0m[0;34m([0m[0msanitize_sequence[0m[0;34m,[0m [0margs[0m[0;34m)[0m[0;34m,[0m [0;34m**[0m[0mkwargs[0m[0;34m)[0m[0;34m[0m[0;34m[0m[0m
[0m[1;32m   1362[0m [0;34m[0m[0m
[1;32m   1363[0m         [0mbound[0m [0;34m=[0m [0mnew_sig[0m[0;34m.[0m[0mbind[0m[0;34m([0m[0max[0m[0;34m,[0m [0;34m*[0m[0margs[0m[0;34m,[0m [0;34m**[0m[0mkwargs[0m[0;34m)[0m[0;34m[0m[0;34m[0m[0m

[0;32m/opt/hostedtoolcache/Python/3.8.10/x64/lib/python3.8/site-packages/matplotlib/axes/_axes.py[0m in [0;36mimshow[0;34m(self, X, cmap, norm, aspect, interpolation, alpha, vmin, vmax, origin, extent, filternorm, filterrad, resample, url, **kwargs)[0m
[1;32m   5603[0m             [0maspect[0m [0;34m=[0m [0mrcParams[0m[0;34m[[0m[0;34m'image.aspect'[0m[0;34m][0m[0;34m[0m[0;34m[0m[0m
[1;32m   5604[0m         [0mself[0m[0;34m.[0m[0mset_aspect[0m[0;34m([0m[0maspect[0m[0;34m)[0m[0;34m[0m[0;34m[0m[0m
[0;32m-> 5605[0;31m         im = mimage.AxesImage(self, cmap, norm, interpolation, origin, extent,
[0m[1;32m   5606[0m                               [0mfilternorm[0m[0;34m=[0m[0mfilternorm[0m[0;34m,[0m [0mfilterrad[0m[0;34m=[0m[0mfilterrad[0m[0;34m,[0m[0;34m[0m[0;34m[0m[0m
[1;32m   5607[0m                               resample=resample, **kwargs)

[0;32m/opt/hostedtoolcache/Python/3.8.10/x64/lib/python3.8/site-packages/matplotlib/image.py[0m in [0;36m__init__[0;34m(self, ax, cmap, norm, interpolation, origin, extent, filternorm, filterrad, resample, **kwargs)[0m
[1;32m    898[0m         [0mself[0m[0;34m.[0m[0m_extent[0m [0;34m=[0m [0mextent[0m[0;34m[0m[0;34m[0m[0m
[1;32m    899[0m [0;34m[0m[0m
[0;32m--> 900[0;31m         super().__init__(
[0m[1;32m    901[0m             [0max[0m[0;34m,[0m[0;34m[0m[0;34m[0m[0m
[1;32m    902[0m             [0mcmap[0m[0;34m=[0m[0mcmap[0m[0;34m,[0m[0;34m[0m[0;34m[0m[0m

[0;32m/opt/hostedtoolcache/Python/3.8.10/x64/lib/python3.8/site-packages/matplotlib/image.py[0m in [0;36m__init__[0;34m(self, ax, cmap, norm, interpolation, origin, filternorm, filterrad, resample, **kwargs)[0m
[1;32m    255[0m         [0mself[0m[0;34m.[0m[0m_imcache[0m [0;34m=[0m [0;32mNone[0m[0;34m[0m[0;34m[0m[0m
[1;32m    256[0m [0;34m[0m[0m
[0;32m--> 257[0;31m         [0mself[0m[0;34m.[0m[0mupdate[0m[0;34m([0m[0mkwargs[0m[0;34m)[0m[0;34m[0m[0;34m[0m[0m
[0m[1;32m    258[0m [0;34m[0m[0m
[1;32m    259[0m     [0;32mdef[0m [0m__getstate__[0m[0;34m([0m[0mself[0m[0;34m)[0m[0;34m:[0m[0;34m[0m[0;34m[0m[0m

[0;32m/opt/hostedtoolcache/Python/3.8.10/x64/lib/python3.8/site-packages/matplotlib/artist.py[0m in [0;36mupdate[0;34m(self, props)[0m
[1;32m   1060[0m                     [0mfunc[0m [0;34m=[0m [0mgetattr[0m[0;34m([0m[0mself[0m[0;34m,[0m [0;34mf"set_{k}"[0m[0;34m,[0m [0;32mNone[0m[0;34m)[0m[0;34m[0m[0;34m[0m[0m
[1;32m   1061[0m                     [0;32mif[0m [0;32mnot[0m [0mcallable[0m[0;34m([0m[0mfunc[0m[0;34m)[0m[0;34m:[0m[0;34m[0m[0;34m[0m[0m
[0;32m-> 1062[0;31m                         raise AttributeError(f"{type(self).__name__!r} object "
[0m[1;32m   1063[0m                                              f"has no property {k!r}")
[1;32m   1064[0m                     [0mret[0m[0;34m.[0m[0mappend[0m[0;34m([0m[0mfunc[0m[0;34m([0m[0mv[0m[0;34m)[0m[0;34m)[0m[0;34m[0m[0;34m[0m[0m

[0;31mAttributeError[0m: 'AxesImage' object has no property 'shape'
AttributeError: 'AxesImage' object has no property 'shape'

